0 info it worked if it ends with ok
1 verbose cli [ 'node', '/usr/bin/npm', 'install', 'requirejs' ]
2 info using npm@1.3.6
3 info using node@v0.10.36
4 verbose readDependencies using package.json deps
5 verbose cache add [ 'requirejs', null ]
6 verbose cache add name=undefined spec="requirejs" args=["requirejs",null]
7 verbose parsed url { protocol: null,
7 verbose parsed url   slashes: null,
7 verbose parsed url   auth: null,
7 verbose parsed url   host: null,
7 verbose parsed url   port: null,
7 verbose parsed url   hostname: null,
7 verbose parsed url   hash: null,
7 verbose parsed url   search: null,
7 verbose parsed url   query: null,
7 verbose parsed url   pathname: 'requirejs',
7 verbose parsed url   path: 'requirejs',
7 verbose parsed url   href: 'requirejs' }
8 silly lockFile f2b16c35-requirejs requirejs
9 verbose lock requirejs /root/.npm/f2b16c35-requirejs.lock
10 silly lockFile f2b16c35-requirejs requirejs
11 silly lockFile f2b16c35-requirejs requirejs
12 verbose addNamed [ 'requirejs', '' ]
13 verbose addNamed [ null, '*' ]
14 silly lockFile e9b02655-requirejs requirejs@
15 verbose lock requirejs@ /root/.npm/e9b02655-requirejs.lock
16 silly addNameRange { name: 'requirejs', range: '*', hasData: false }
17 verbose url raw requirejs
18 verbose url resolving [ 'https://registry.npm.taobao.org/', './requirejs' ]
19 verbose url resolved https://registry.npm.taobao.org/requirejs
20 info trying registry request attempt 1 at 11:52:08
21 verbose etag "d1fb-ogEVYk+XtiRXGdWtzAGs5A"
22 http GET https://registry.npm.taobao.org/requirejs
23 http 304 https://registry.npm.taobao.org/requirejs
24 silly registry.get cb [ 304,
24 silly registry.get   { date: 'Mon, 26 Sep 2016 03:52:10 GMT',
24 silly registry.get     connection: 'keep-alive',
24 silly registry.get     'x-current-requests': '1',
24 silly registry.get     etag: '"d1fb-ogEVYk+XtiRXGdWtzAGs5A"',
24 silly registry.get     'x-readtime': '31' } ]
25 verbose etag requirejs from cache
26 silly addNameRange number 2 { name: 'requirejs', range: '*', hasData: true }
27 silly addNameRange versions [ 'requirejs',
27 silly addNameRange   [ '2.3.2',
27 silly addNameRange     '2.3.1',
27 silly addNameRange     '2.3.0',
27 silly addNameRange     '2.2.0',
27 silly addNameRange     '2.1.22',
27 silly addNameRange     '2.1.21',
27 silly addNameRange     '2.1.20',
27 silly addNameRange     '2.1.19',
27 silly addNameRange     '2.1.18',
27 silly addNameRange     '2.1.17',
27 silly addNameRange     '2.1.16',
27 silly addNameRange     '2.1.15',
27 silly addNameRange     '2.1.14',
27 silly addNameRange     '2.1.13',
27 silly addNameRange     '2.1.12',
27 silly addNameRange     '2.1.11',
27 silly addNameRange     '2.1.10',
27 silly addNameRange     '2.1.9',
27 silly addNameRange     '2.1.8',
27 silly addNameRange     '2.1.7',
27 silly addNameRange     '2.1.6',
27 silly addNameRange     '2.1.5',
27 silly addNameRange     '2.1.4',
27 silly addNameRange     '2.1.3',
27 silly addNameRange     '2.1.2',
27 silly addNameRange     '2.1.1',
27 silly addNameRange     '2.1.0',
27 silly addNameRange     '2.0.6',
27 silly addNameRange     '2.0.5',
27 silly addNameRange     '2.0.4',
27 silly addNameRange     '2.0.3',
27 silly addNameRange     '2.0.2',
27 silly addNameRange     '2.0.1',
27 silly addNameRange     '2.0.0',
27 silly addNameRange     '1.0.8',
27 silly addNameRange     '1.0.7',
27 silly addNameRange     '1.0.6',
27 silly addNameRange     '1.0.5',
27 silly addNameRange     '1.0.4',
27 silly addNameRange     '1.0.3',
27 silly addNameRange     '1.0.2',
27 silly addNameRange     '1.0.1',
27 silly addNameRange     '1.0.0',
27 silly addNameRange     '0.27.1',
27 silly addNameRange     '0.27.0',
27 silly addNameRange     '0.26.0' ] ]
28 verbose addNamed [ 'requirejs', '2.3.2' ]
29 verbose addNamed [ '2.3.2', '2.3.2' ]
30 silly lockFile 8a6ee220-requirejs-2-3-2 requirejs@2.3.2
31 verbose lock requirejs@2.3.2 /root/.npm/8a6ee220-requirejs-2-3-2.lock
32 silly lockFile 8a6ee220-requirejs-2-3-2 requirejs@2.3.2
33 silly lockFile 8a6ee220-requirejs-2-3-2 requirejs@2.3.2
34 silly lockFile e9b02655-requirejs requirejs@
35 silly lockFile e9b02655-requirejs requirejs@
36 silly resolved [ { name: 'requirejs',
36 silly resolved     description: 'Node adapter for RequireJS, for loading AMD modules. Includes RequireJS optimizer',
36 silly resolved     version: '2.3.2',
36 silly resolved     homepage: 'http://github.com/jrburke/r.js',
36 silly resolved     author:
36 silly resolved      { name: 'James Burke',
36 silly resolved        email: 'jrburke@gmail.com',
36 silly resolved        url: 'http://github.com/jrburke' },
36 silly resolved     license: 'MIT',
36 silly resolved     repository: { type: 'git', url: 'https://github.com/jrburke/r.js.git' },
36 silly resolved     main: './bin/r.js',
36 silly resolved     bin: { 'r.js': './bin/r.js', r_js: './bin/r.js' },
36 silly resolved     engines: { node: '>=0.4.0' },
36 silly resolved     readme: '# requirejs\n\nRequireJS for use in Node. includes:\n\n* r.js: the RequireJS optimizer, and AMD runtime for use in Node.\n* require.js: The browser-based AMD loader.\n\nMore information at http://requirejs.org\n\n',
36 silly resolved     readmeFilename: 'README.md',
36 silly resolved     bugs: { url: 'https://github.com/jrburke/r.js/issues' },
36 silly resolved     _id: 'requirejs@2.3.2',
36 silly resolved     _from: 'requirejs@' } ]
37 info install requirejs@2.3.2 into /data/www/zPlatform/apps/kubernetes
38 info installOne requirejs@2.3.2
39 info /data/www/zPlatform/apps/kubernetes/node_modules/requirejs unbuild
40 info preuninstall requirejs@2.3.2
41 info uninstall requirejs@2.3.2
42 verbose true,/data/www/zPlatform/apps/kubernetes/node_modules,/data/www/zPlatform/apps/kubernetes/node_modules unbuild requirejs@2.3.2
43 verbose /data/www/zPlatform/apps/kubernetes/node_modules/.bin,[object Object] binRoot
44 info postuninstall requirejs@2.3.2
45 verbose tar unpack /root/.npm/requirejs/2.3.2/package.tgz
46 silly lockFile 74d811b2-ubernetes-node-modules-requirejs tar:///data/www/zPlatform/apps/kubernetes/node_modules/requirejs
47 verbose lock tar:///data/www/zPlatform/apps/kubernetes/node_modules/requirejs /root/.npm/74d811b2-ubernetes-node-modules-requirejs.lock
48 silly lockFile b5606099--npm-requirejs-2-3-2-package-tgz tar:///root/.npm/requirejs/2.3.2/package.tgz
49 verbose lock tar:///root/.npm/requirejs/2.3.2/package.tgz /root/.npm/b5606099--npm-requirejs-2-3-2-package-tgz.lock
50 silly gunzTarPerm modes [ '755', '644' ]
51 silly gunzTarPerm extractEntry package.json
52 silly gunzTarPerm extractEntry README.md
53 silly gunzTarPerm extractEntry require.js
54 silly gunzTarPerm extractEntry bin/r.js
55 silly lockFile 74d811b2-ubernetes-node-modules-requirejs tar:///data/www/zPlatform/apps/kubernetes/node_modules/requirejs
56 silly lockFile 74d811b2-ubernetes-node-modules-requirejs tar:///data/www/zPlatform/apps/kubernetes/node_modules/requirejs
57 silly lockFile b5606099--npm-requirejs-2-3-2-package-tgz tar:///root/.npm/requirejs/2.3.2/package.tgz
58 silly lockFile b5606099--npm-requirejs-2-3-2-package-tgz tar:///root/.npm/requirejs/2.3.2/package.tgz
59 info preinstall requirejs@2.3.2
60 verbose readDependencies using package.json deps
61 verbose readDependencies using package.json deps
62 silly resolved []
63 verbose about to build /data/www/zPlatform/apps/kubernetes/node_modules/requirejs
64 info build /data/www/zPlatform/apps/kubernetes/node_modules/requirejs
65 verbose linkStuff [ false,
65 verbose linkStuff   false,
65 verbose linkStuff   false,
65 verbose linkStuff   '/data/www/zPlatform/apps/kubernetes/node_modules' ]
66 info linkStuff requirejs@2.3.2
67 verbose linkBins requirejs@2.3.2
68 verbose link bins [ { 'r.js': './bin/r.js', r_js: './bin/r.js' },
68 verbose link bins   '/data/www/zPlatform/apps/kubernetes/node_modules/.bin',
68 verbose link bins   false ]
69 verbose linkMans requirejs@2.3.2
70 verbose rebuildBundles requirejs@2.3.2
71 info install requirejs@2.3.2
72 info postinstall requirejs@2.3.2
73 error peerinvalid The package grunt does not satisfy its siblings' peerDependencies requirements!
73 error peerinvalid Peer jit-grunt@0.9.1 wants grunt@~0.4.0
73 error peerinvalid Peer grunt-contrib-clean@0.6.0 wants grunt@~0.4.0
73 error peerinvalid Peer grunt-karma@2.0.0 wants grunt@>=0.4.x
73 error peerinvalid Peer grunt-autoprefixer@2.2.0 wants grunt@~0.4.2
73 error peerinvalid Peer grunt-contrib-concat@0.5.1 wants grunt@>=0.4.0
73 error peerinvalid Peer grunt-contrib-copy@0.7.0 wants grunt@~0.4.0
73 error peerinvalid Peer grunt-filerev@2.3.1 wants grunt@>=0.4.0
73 error peerinvalid Peer grunt-ng-annotate@0.9.2 wants grunt@~0.4.1
73 error peerinvalid Peer grunt-postcss@0.5.5 wants grunt@^0.4.5
73 error peerinvalid Peer grunt-usemin@3.1.1 wants grunt@>=0.4.0
73 error peerinvalid Peer grunt-contrib-watch@0.6.1 wants grunt@~0.4.0
73 error peerinvalid Peer grunt-requirejs@0.4.2 wants grunt@~0.4.0
73 error peerinvalid Peer grunt-contrib-connect@0.9.0 wants grunt@~0.4.0
73 error peerinvalid Peer grunt-contrib-jshint@0.11.3 wants grunt@>=0.4.0
73 error peerinvalid Peer grunt-newer@1.2.0 wants grunt@>=0.4.1
73 error peerinvalid Peer grunt-wiredep@3.0.1 wants grunt@>=0.4.0
73 error peerinvalid Peer grunt-contrib-htmlmin@0.4.0 wants grunt@>=0.4.0
73 error peerinvalid Peer grunt-jscs@1.8.0 wants grunt@~0.4.2
73 error peerinvalid Peer grunt-bower-requirejs@2.0.0 wants grunt@>=0.4.0
73 error peerinvalid Peer grunt-contrib-cssmin@0.12.3 wants grunt@>=0.4.0
73 error peerinvalid Peer grunt-contrib-uglify@0.7.0 wants grunt@~0.4.0
73 error peerinvalid Peer grunt-contrib-compass@1.1.1 wants grunt@>= 0.4.5
74 error System Linux 3.18.17-13.el6.x86_64
75 error command "node" "/usr/bin/npm" "install" "requirejs"
76 error cwd /data/www/zPlatform/apps/kubernetes
77 error node -v v0.10.36
78 error npm -v 1.3.6
79 error code EPEERINVALID
80 verbose exit [ 1, true ]
